[
  {
    "level_": 0,
    "message_": "android.ndkVersion from module build.gradle is [not set]",
    "file_": "",
    "tag_": "",
    "diagnosticCode_": 0,
    "memoizedIsInitialized": 1,
    "unknownFields": {
      "fields": {},
      "fieldsDescending": {}
    },
    "memoizedSize": -1,
    "memoizedHashCode": 295486414
  },
  {
    "level_": 0,
    "message_": "android.ndkPath from module build.gradle is not set",
    "file_": "",
    "tag_": "",
    "diagnosticCode_": 0,
    "memoizedIsInitialized": 1,
    "unknownFields": {
      "fields": {},
      "fieldsDescending": {}
    },
    "memoizedSize": -1,
    "memoizedHashCode": 1087674517
  },
  {
    "level_": 0,
    "message_": "ndk.dir in local.properties is C:\\Users\\User\\AppData\\Local\\Android\\Sdk\\ndk\\21.4.7075529",
    "file_": "",
    "tag_": "",
    "diagnosticCode_": 0,
    "memoizedIsInitialized": 1,
    "unknownFields": {
      "fields": {},
      "fieldsDescending": {}
    },
    "memoizedSize": -1,
    "memoizedHashCode": -556243217
  },
  {
    "level_": 0,
    "message_": "Not considering ANDROID_NDK_HOME because support was removed after deprecation period.",
    "file_": "",
    "tag_": "",
    "diagnosticCode_": 0,
    "memoizedIsInitialized": 1,
    "unknownFields": {
      "fields": {},
      "fieldsDescending": {}
    },
    "memoizedSize": -1,
    "memoizedHashCode": -640017516
  },
  {
    "level_": 0,
    "message_": "sdkFolder is C:\\Users\\User\\AppData\\Local\\Android\\Sdk",
    "file_": "",
    "tag_": "",
    "diagnosticCode_": 0,
    "memoizedIsInitialized": 1,
    "unknownFields": {
      "fields": {},
      "fieldsDescending": {}
    },
    "memoizedSize": -1,
    "memoizedHashCode": 1489037333
  },
  {
    "level_": 0,
    "message_": "Because no explicit NDK was requested, the default version [23.1.7779620] for this Android Gradle Plugin will be used",
    "file_": "",
    "tag_": "",
    "diagnosticCode_": 0,
    "memoizedIsInitialized": 1,
    "unknownFields": {
      "fields": {},
      "fieldsDescending": {}
    },
    "memoizedSize": -1,
    "memoizedHashCode": 293604773
  },
  {
    "level_": 0,
    "message_": "Checking whether deleting ndk.dir and setting android.ndkVersion to [21.4.7075529] would result in the same NDK",
    "file_": "",
    "tag_": "",
    "diagnosticCode_": 0,
    "memoizedIsInitialized": 1,
    "unknownFields": {
      "fields": {},
      "fieldsDescending": {}
    },
    "memoizedSize": -1,
    "memoizedHashCode": 167964224
  },
  {
    "level_": 0,
    "message_": "android.ndkVersion from module build.gradle is [21.4.7075529]",
    "file_": "",
    "tag_": "ndk.dir delete check",
    "diagnosticCode_": 0,
    "memoizedIsInitialized": 1,
    "unknownFields": {
      "fields": {},
      "fieldsDescending": {}
    },
    "memoizedSize": -1,
    "memoizedHashCode": -1219410686
  },
  {
    "level_": 0,
    "message_": "android.ndkPath from module build.gradle is not set",
    "file_": "",
    "tag_": "ndk.dir delete check",
    "diagnosticCode_": 0,
    "memoizedIsInitialized": 1,
    "unknownFields": {
      "fields": {},
      "fieldsDescending": {}
    },
    "memoizedSize": -1,
    "memoizedHashCode": 711401040
  },
  {
    "level_": 0,
    "message_": "ndk.dir in local.properties is not set",
    "file_": "",
    "tag_": "ndk.dir delete check",
    "diagnosticCode_": 0,
    "memoizedIsInitialized": 1,
    "unknownFields": {
      "fields": {},
      "fieldsDescending": {}
    },
    "memoizedSize": -1,
    "memoizedHashCode": 1415862233
  },
  {
    "level_": 0,
    "message_": "Not considering ANDROID_NDK_HOME because support was removed after deprecation period.",
    "file_": "",
    "tag_": "ndk.dir delete check",
    "diagnosticCode_": 0,
    "memoizedIsInitialized": 1,
    "unknownFields": {
      "fields": {},
      "fieldsDescending": {}
    },
    "memoizedSize": -1,
    "memoizedHashCode": -1016290993
  },
  {
    "level_": 0,
    "message_": "sdkFolder is C:\\Users\\User\\AppData\\Local\\Android\\Sdk",
    "file_": "",
    "tag_": "ndk.dir delete check",
    "diagnosticCode_": 0,
    "memoizedIsInitialized": 1,
    "unknownFields": {
      "fields": {},
      "fieldsDescending": {}
    },
    "memoizedSize": -1,
    "memoizedHashCode": 1112763856
  },
  {
    "level_": 0,
    "message_": "Deleting ndk.dir and setting android.ndkVersion to [21.4.7075529] would result in the same NDK.",
    "file_": "",
    "tag_": "ndk.dir delete check",
    "diagnosticCode_": 0,
    "memoizedIsInitialized": 1,
    "unknownFields": {
      "fields": {},
      "fieldsDescending": {}
    },
    "memoizedSize": -1,
    "memoizedHashCode": -1776043458
  },
  {
    "level_": 2,
    "message_": "NDK was located by using ndk.dir property. This method is deprecated and will be removed in a future release. Please delete ndk.dir from local.properties and set android.ndkVersion to [21.4.7075529] in all native modules in the project. https://developer.android.com/r/studio-ui/ndk-dir",
    "file_": "",
    "tag_": "",
    "diagnosticCode_": 5106,
    "memoizedIsInitialized": 1,
    "unknownFields": {
      "fields": {},
      "fieldsDescending": {}
    },
    "memoizedSize": -1,
    "memoizedHashCode": -1956418368
  }
]